<?xml version="1.0" encoding="UTF-8"?>
<testsuite xmlns:xsi="http://www.w3.org/2001/XMLSchema-instance" xsi:noNamespaceSchemaLocation="https://maven.apache.org/surefire/maven-surefire-plugin/xsd/surefire-test-report.xsd" version="3.0.2" name="com.example.SkyBook.SkyBookApplicationTests" time="8.879" tests="1" errors="0" skipped="0" failures="0" flakes="0">
  <properties>
[...]
</properties>
  <testcase name="contextLoads" classname="com.example.SkyBook.SkyBookApplicationTests" time="0.38">
    <system-out><![CDATA[17:52:39.480 [main] INFO org.springframework.test.context.support.AnnotationConfigContextLoaderUtils -- Could not detect default configuration classes for test class [com.example.SkyBook.SkyBookApplicationTests]: SkyBookApplicationTests does not declare any static, non-private, non-final, nested classes annotated with @Configuration.
17:52:39.588 [main] INFO org.springframework.boot.test.context.SpringBootTestContextBootstrapper -- Found @SpringBootConfiguration com.example.SkyBook.SkyBookApplication for test class com.example.SkyBook.SkyBookApplicationTests
17:52:39.656 [main] INFO org.springframework.test.context.support.AnnotationConfigContextLoaderUtils -- Could not detect default configuration classes for test class [com.example.SkyBook.SkyBookApplicationTests]: SkyBookApplicationTests does not declare any static, non-private, non-final, nested classes annotated with @Configuration.
17:52:39.658 [main] INFO org.springframework.boot.test.context.SpringBootTestContextBootstrapper -- Found @SpringBootConfiguration com.example.SkyBook.SkyBookApplication for test class com.example.SkyBook.SkyBookApplicationTests
17:52:39.907 [main] INFO org.springframework.boot.devtools.restart.RestartApplicationListener -- Restart disabled due to context in which it is running

  .   ____          _            __ _ _
 /\\ / ___'_ __ _ _(_)_ __  __ _ \ \ \ \
( ( )\___ | '_ | '_| | '_ \/ _` | \ \ \ \
 \\/  ___)| |_)| | | | | || (_| |  ) ) ) )
  '  |____| .__|_| |_|_| |_\__, | / / / /
 =========|_|==============|___/=/_/_/_/

 :: Spring Boot ::                (v4.1.0)

2026-07-12T17:52:41.117+05:30  INFO 9102 --- [SkyBook] [           main] c.e.SkyBook.SkyBookApplicationTests      : Starting SkyBookApplicationTests using Java 25.0.1 with PID 9102 (started by arindamsharma in /Users/arindamsharma/Desktop/SkyBook-main-new)
2026-07-12T17:52:41.118+05:30  INFO 9102 --- [SkyBook] [           main] c.e.SkyBook.SkyBookApplicationTests      : No active profile set, falling back to 1 default profile: "default"
2026-07-12T17:52:41.758+05:30  INFO 9102 --- [SkyBook] [           main] .s.d.r.c.RepositoryConfigurationDelegate : Bootstrapping Spring Data JPA repositories in DEFAULT mode.
2026-07-12T17:52:41.808+05:30  INFO 9102 --- [SkyBook] [           main] .s.d.r.c.RepositoryConfigurationDelegate : Finished Spring Data repository scanning in 43 ms. Found 9 JPA repository interfaces.
2026-07-12T17:52:42.014+05:30  INFO 9102 --- [SkyBook] [           main] o.s.cloud.context.scope.GenericScope     : BeanFactory id=b678d7b1-53e1-3f56-9de4-6e41e4d2c90d
2026-07-12T17:52:42.520+05:30  INFO 9102 --- [SkyBook] [           main] org.hibernate.orm.jpa                    : HHH008540: Processing PersistenceUnitInfo [name: default]
2026-07-12T17:52:42.573+05:30  INFO 9102 --- [SkyBook] [           main] org.hibernate.orm.core                   : HHH000001: Hibernate ORM core version 7.4.1.Final
2026-07-12T17:52:42.983+05:30  INFO 9102 --- [SkyBook] [           main] o.s.o.j.p.SpringPersistenceUnitInfo      : No LoadTimeWeaver setup: ignoring JPA class transformer
2026-07-12T17:52:43.021+05:30  INFO 9102 --- [SkyBook] [           main] com.zaxxer.hikari.HikariDataSource       : HikariPool-1 - Starting...
2026-07-12T17:52:43.508+05:30  INFO 9102 --- [SkyBook] [           main] com.zaxxer.hikari.pool.HikariPool        : HikariPool-1 - Added connection com.mysql.cj.jdbc.ConnectionImpl@48cd8e71
2026-07-12T17:52:43.509+05:30  INFO 9102 --- [SkyBook] [           main] com.zaxxer.hikari.HikariDataSource       : HikariPool-1 - Start completed.
2026-07-12T17:52:43.593+05:30  INFO 9102 --- [SkyBook] [           main] org.hibernate.orm.connections.pooling    : HHH10001005: Database info:
	Database JDBC URL [jdbc:mysql://localhost:3306/skybookmain?createDatabaseIfNotExist=true]
	Database driver: MySQL Connector/J
	Database dialect: MySQLDialect
	Database version: 9.1
	Default catalog/schema: skybookmain/undefined
	Autocommit mode: undefined/unknown
	Isolation level: REPEATABLE_READ [default REPEATABLE_READ]
	JDBC fetch size: none
	Pool: DataSourceConnectionProvider
	Minimum pool size: undefined/unknown
	Maximum pool size: undefined/unknown
2026-07-12T17:52:44.849+05:30  INFO 9102 --- [SkyBook] [           main] org.hibernate.orm.core                   : HHH000489: No JTA platform available (set 'hibernate.transaction.jta.platform' to enable JTA platform integration)
2026-07-12T17:52:44.933+05:30  INFO 9102 --- [SkyBook] [           main] j.LocalContainerEntityManagerFactoryBean : Initialized JPA EntityManagerFactory for persistence unit 'default'
2026-07-12T17:52:45.091+05:30  INFO 9102 --- [SkyBook] [           main] o.s.d.j.r.query.QueryEnhancerFactories   : Hibernate is in classpath; If applicable, HQL parser will be used.
2026-07-12T17:52:46.342+05:30  INFO 9102 --- [SkyBook] [           main] r$InitializeUserDetailsManagerConfigurer : Global AuthenticationManager configured with UserDetailsService bean with name customUserDetailsService
2026-07-12T17:52:46.432+05:30  WARN 9102 --- [SkyBook] [           main] JpaBaseConfiguration$JpaWebConfiguration : spring.jpa.open-in-view is enabled by default. Therefore, database queries may be performed during view rendering. Explicitly configure spring.jpa.open-in-view to disable this warning
2026-07-12T17:52:47.817+05:30  INFO 9102 --- [SkyBook] [           main] c.e.SkyBook.SkyBookApplicationTests      : Started SkyBookApplicationTests in 7.919 seconds (process running for 9.118)
Scheduler is running...
Hibernate: 
    select
        b1_0.id,
        b1_0.booked_at,
        b1_0.booking_reference,
        b1_0.booking_status,
        b1_0.created_at,
        b1_0.reservation_expires_at,
        b1_0.schedule_id,
        b1_0.seat_id,
        b1_0.total_amount,
        b1_0.updated_at,
        b1_0.user_id 
    from
        bookings b1_0 
    where
        b1_0.booking_status=?
Hibernate: 
    select
        p1_0.id,
        p1_0.amount,
        p1_0.booking_id,
        p1_0.created_at,
        p1_0.payment_method,
        p1_0.payment_reference,
        p1_0.payment_status,
        p1_0.payment_time,
        p1_0.transaction_id,
        p1_0.updated_at 
    from
        payments p1_0 
    where
        p1_0.booking_id=?
Hibernate: 
    select
        t1_0.id,
        t1_0.booking_id,
        t1_0.created_at,
        t1_0.issue_date,
        t1_0.ticket_number,
        t1_0.ticket_status,
        t1_0.updated_at 
    from
        tickets t1_0 
    where
        t1_0.booking_id=?
]]></system-out>
    <system-err><![CDATA[Mockito is currently self-attaching to enable the inline-mock-maker. This will no longer work in future releases of the JDK. Please add Mockito as an agent to your build as described in Mockito's documentation: https://javadoc.io/doc/org.mockito/mockito-core/latest/org.mockito/org/mockito/Mockito.html#0.3
WARNING: A Java agent has been loaded dynamically (/Users/arindamsharma/.m2/repository/net/bytebuddy/byte-buddy-agent/1.18.10/byte-buddy-agent-1.18.10.jar)
WARNING: If a serviceability tool is in use, please run with -XX:+EnableDynamicAgentLoading to hide this warning
WARNING: If a serviceability tool is not in use, please run with -Djdk.instrument.traceUsage for more information
WARNING: Dynamic loading of agents will be disallowed by default in a future release
]]></system-err>
  </testcase>
</testsuite>